<?xml version="1.0" encoding="UTF-8"?>
<testsuites name="jest tests" tests="4" failures="0" errors="0" time="5.886">
  <testsuite name="undefined" errors="0" failures="0" skipped="0" timestamp="2025-05-13T09:34:41" time="5.27" tests="4">
    <testcase classname=" buildDiff stylish json" name=" buildDiff stylish json" time="0.019">
    </testcase>
    <testcase classname=" buildDiff stylish yml" name=" buildDiff stylish yml" time="0.227">
    </testcase>
    <testcase classname=" buildDiff plain json" name=" buildDiff plain json" time="0.072">
    </testcase>
    <testcase classname=" buildDiff plain yml" name=" buildDiff plain yml" time="0.014">
    </testcase>
  </testsuite>
</testsuites>