<?xml version="1.0" encoding="UTF-8"?>
<testsuites name="jest tests" tests="4" failures="0" errors="0" time="6.523">
  <testsuite name="undefined" errors="0" failures="0" skipped="0" timestamp="2025-05-13T08:48:48" time="6.093" tests="4">
    <testcase classname=" buildDiff stylish json" name=" buildDiff stylish json" time="0.021">
    </testcase>
    <testcase classname=" buildDiff stylish yml" name=" buildDiff stylish yml" time="0.036">
    </testcase>
    <testcase classname=" buildDiff plain json" name=" buildDiff plain json" time="0.007">
    </testcase>
    <testcase classname=" buildDiff plain yml" name=" buildDiff plain yml" time="0.005">
    </testcase>
  </testsuite>
</testsuites>